<?xml version="1.0" encoding="UTF-8"?>
<!-- Generated by org.testng.reporters.JUnitReportReporter -->
<testsuite skipped="0" hostname="MacBook-Air" name="com.class01.TitleLogoAndLoginValidation" tests="3" failures="0" timestamp="2020-05-26T20:31:19 EDT" time="32.366" errors="0">
  <testcase name="titleValidation" time="9.294" classname="com.class01.TitleLogoAndLoginValidation"/>
  <system-out/>
  <testcase name="logoValidation" time="11.313" classname="com.class01.TitleLogoAndLoginValidation"/>
  <system-out/>
  <testcase name="validLogin" time="11.759" classname="com.class01.TitleLogoAndLoginValidation"/>
  <system-out/>
</testsuite> <!-- com.class01.TitleLogoAndLoginValidation -->
