<?xml version="1.0" encoding="UTF-8"?>
<!-- Generated by org.testng.reporters.JUnitReportReporter -->
<testsuite skipped="0" hostname="MacBook-Air" name="com.class02.Task" tests="1" failures="0" timestamp="2020-05-20T22:07:58 EDT" time="12.607" errors="0">
  <testcase name="logoValidation" time="12.607" classname="com.class02.Task"/>
  <system-out/>
</testsuite> <!-- com.class02.Task -->
