<?xml version="1.0" encoding="UTF-8"?>
<!-- Generated by org.testng.reporters.JUnitReportReporter -->
<testsuite skipped="0" hostname="MacBook-Air" name="com.class01.DifferentAnnotations" tests="1" failures="0" timestamp="2020-05-26T20:31:19 EDT" time="0.001" errors="0">
  <testcase name="test" time="0.001" classname="com.class01.DifferentAnnotations"/>
  <system-out/>
</testsuite> <!-- com.class01.DifferentAnnotations -->
