<?xml version="1.0" encoding="UTF-8"?>
<!-- Generated by org.testng.reporters.JUnitReportReporter -->
<testsuite skipped="0" hostname="MacBook-Air" name="com.class04.GroupsDemo" tests="2" failures="0" timestamp="2020-05-26T21:05:30 EDT" time="0.010" errors="0">
  <testcase name="test3" time="0.003" classname="com.class04.GroupsDemo"/>
  <system-out/>
  <testcase name="test1" time="0.007" classname="com.class04.GroupsDemo"/>
  <system-out/>
</testsuite> <!-- com.class04.GroupsDemo -->
