<?xml version="1.0" encoding="UTF-8"?>
<!-- Generated by org.testng.reporters.JUnitReportReporter -->
<testsuite skipped="0" hostname="Marharytas-MacBook-Air.local" name="com.class03.AddEmployeeTest" tests="1" failures="0" timestamp="2020-05-26T17:50:33 EDT" time="16.681" errors="0">
  <testcase name="addEmployeePage" time="16.681" classname="com.class03.AddEmployeeTest"/>
  <system-out/>
</testsuite> <!-- com.class03.AddEmployeeTest -->
