<?xml version="1.0" encoding="UTF-8"?>
<!-- Generated by org.testng.reporters.JUnitReportReporter -->
<testsuite skipped="0" hostname="MacBook-Air" name="com.class01.TestNGDemo" tests="3" failures="0" timestamp="2020-05-26T20:31:19 EDT" time="0.016" errors="0">
  <testcase name="TestOne" time="0.010" classname="com.class01.TestNGDemo"/>
  <system-out/>
  <testcase name="TestThree" time="0.001" classname="com.class01.TestNGDemo"/>
  <system-out/>
  <testcase name="TestTwo" time="0.005" classname="com.class01.TestNGDemo"/>
  <system-out/>
</testsuite> <!-- com.class01.TestNGDemo -->
