<?xml version="1.0" encoding="UTF-8"?>
<!-- Generated by org.testng.reporters.JUnitReportReporter -->
<testsuite skipped="0" hostname="MacBook-Air" name="com.class03.HW" tests="1" failures="0" timestamp="2020-05-26T18:30:20 EDT" time="14.078" errors="0">
  <testcase name="addEmployeePage" time="14.078" classname="com.class03.HW"/>
  <system-out/>
</testsuite> <!-- com.class03.HW -->
